--- Necesse crash log ---
Generated on: 2022-08-15 14h46m59s
At C:\Users\carmi\OneDrive\Pictures\Lmao speds\Fugging mdos for fuckdigdngdind necesse or sme shit ikd\Wendy's Content Mod\latest-crash.log
Game state: Server packet crash
Game version: 0.21.23
Game language: en
Steam build: 9096788
Steam name: WendyZX
Authentication: 76561199081816503
Launch parameters: "-mod build/jar"
Found 1 loaded mods:
	wendy.morecontentmod, v1.0 - Content Mod (-1)
Found 2 total mods:
	wendy.morecontentmod, v1.0 - Content Mod (2848290145)
	wendy.morecontentmod, v1.0 - Content Mod (-1)

Exceptions:
java.lang.IllegalStateException: Cannot construct unregistered Projectile class anchorprojectile
	at necesse.engine.registries.ProjectileRegistry.applyProjectileIDData(ProjectileRegistry.java:221)
	at necesse.entity.projectile.Projectile.<init>(Projectile.java:121)
	at necesse.entity.projectile.Projectile.<init>(Projectile.java:143)
	at necesse.entity.projectile.boomerangProjectile.BoomerangProjectile.<init>(BoomerangProjectile.java:13)
	at contentmod.Content.Projectiles.anchorprojectile.<init>(anchorprojectile.java:36)
	at contentmod.Content.WendysAnchor.onAttack(Uendizuanka.java:44)
	at necesse.entity.mobs.PlayerMob.runAttack(PlayerMob.java:1375)
	at necesse.engine.network.packet.PacketPlayerAttack.processServer(PacketPlayerAttack.java:81)
	at necesse.engine.network.NetworkPacket.processServer(NetworkPacket.java:240)
	at necesse.engine.network.server.Server.processPacket(Server.java:241)
	at necesse.engine.network.server.Server.frameTick(Server.java:135)
	at necesse.engine.ServerTickThread$1.lambda$null$0(ServerTickThread.java:37)
	at necesse.engine.tickManager.PerformanceTimerManager.recordPerformance(PerformanceTimerManager.java:105)
	at necesse.engine.tickManager.Performance.record(Performance.java:10)
	at necesse.engine.ServerTickThread$1.lambda$update$1(ServerTickThread.java:36)
	at necesse.engine.tickManager.PerformanceTimerManager.recordConstantPerformance(PerformanceTimerManager.java:113)
	at necesse.engine.tickManager.Performance.recordConstant(Performance.java:16)
	at necesse.engine.ServerTickThread$1.update(ServerTickThread.java:33)
	at necesse.engine.tickManager.TickManager.tickLogic(TickManager.java:98)
	at necesse.engine.ServerTickThread.run(ServerTickThread.java:72)

Username: carmi
OS: Microsoft Windows 10 (Home) build 19044
OS arch: amd64
CPU: Intel(R) Core(TM) i5-5300U CPU @ 2.30GHz
Memory total: 4.18 GB
Memory used: 3.85 GB
Java path: C:\Users\carmi\.jdks\corretto-11.0.16
Java version: 11.0.16
JVM arguments:
	-XX:+UnlockExperimentalVMOptions
	-XX:+UseG1GC
	-XX:G1NewSizePercent=20
	-XX:G1ReservePercent=20
	-XX:MaxGCPauseMillis=50
	-XX:G1HeapRegionSize=32M
	-Xms512m
	-Xmx3G
	-Dfile.encoding=windows-1252
	-Duser.country=CA
	-Duser.language=en
	-Duser.variant
LWJGL version: 3.3.0 build 21
AppData path: C:\Users\carmi\AppData\Roaming\Necesse\
Working dir: C:\Users\carmi\OneDrive\Pictures\Lmao speds\Fugging mdos for fuckdigdngdind necesse or sme shit ikd\Wendy's Content Mod
Natives path: C:\Program Files (x86)\Steam\steamapps\common\Necesse\.\natives
JVM memory max: 3.22 GB
JVM memory used: 398.61 MB / 1.48 GB (27.0%)


Running server: Yes
Server network: LOCAL
Server network in: 54 B/s (10), Total: 9.61 kB (638)
Server network out: 1.30 kB/s (230), Total: 628.66 kB (1483)
Server save name: C:\Users\carmi\AppData\Roaming\Necesse\saves/Mod Test World.zip
Server world time: 720, day 99
Server game time: 95760254
Server local time: 24449
Server ticks: 489
Players online: 1
	Slot 0: Wendy at -9950x8954d0
Loaded levels: 1
	-9950x8954d0, Size: 300x300, Biome: forest, Entities: 397, Mobs: 28, Projectiles: 0, Pickups: 126

Running client: Yes
Client network: LOCAL
Client network in: 1.30 kB/s (230), Total: 628.66 kB (1483)
Client network out: 54 B/s (10), Total: 9.61 kB (638)
Client world time: 720, day 99
Client game time: 95760274
Client local time: 16733
Client slot: 0/1
Client level: -9950x8954d0, Size: 300x300, Biome: forest, Entities: 397, Mobs: 28, Projectiles: 0, Pickups: 126
 necesse or sme shit ikd\Wendy's Content Mod
Natives path: C:\Program Files (x86)\Steam\steamapps\common\Necesse\.\natives
JVM memory max: 3.22 GB
JVM memory used: 398.61 MB / 1.48 GB (27.0%)

Graphics card: Intel, Intel(R) HD Graphics 5500
OpenGL version: 4.4.0 - Build 20.19.15.5126
Found 0 displays:
FBO: GL30

Running server: Yes
Server network: LOCAL
Server network in: 54 B/s (10), Total: 9.61 kB (638)
Server network out: 1.30 kB/s (230), Total: 628.66 kB (1483)
Server save name: C:\Users\carmi\AppData\Roaming\Necesse\saves/Mod Test World.zip
Server world time: 720, day 99
Server game time: 95760254
Server local time: 24449
Server ticks: 489
Players online: 1
	Slot 0: Wendy at -9950x8954d0
Loaded levels: 1
	-9950x8954d0, Size: 300x300, Biome: forest, Entities: 397, Mobs: 28, Projectiles: 0, Pickups: 126

Running client: Yes
Client network: LOCAL
Client network in: 1.30 kB/s (230), Total: 628.66 kB (1483)
Client network out: 54 B/s (10), Total: 9.61 kB (638)
Client world time: 720, day 99
Client game time: 95760274
Client local time: 16733
Client slot: 0/1
Client level: -9950x8954d0, Size: 300x300, Biome: forest, Entities: 397, Mobs: 28, Projectiles: 0, Pickups: 126
